<?xml version="1.0" encoding="UTF-8"?>
<!-- Generated by org.testng.reporters.JUnitXMLReporter -->
<testsuite hostname="Abhishek-PC" ignored="0" name="Test" tests="4" failures="0" timestamp="2020-10-02T10:43:47 IST" time="59.928" errors="0">
  <testcase name="homepage" time="11.4" classname="Acadamy.E2EProject.HomepageTest"/>
  <testcase name="homepage" time="16.155" classname="Acadamy.E2EProject.HomepageTest"/>
  <testcase name="homepage" time="0.087" classname="Acadamy.E2EProject.Verifytitle"/>
  <testcase name="homepage" time="0.179" classname="Acadamy.E2EProject.verifynavigation"/>
</testsuite> <!-- Test -->
