<?xml version="1.0" encoding="UTF-8"?>
<!-- Generated by org.testng.reporters.JUnitXMLReporter -->
<testsuite hostname="Abhishek-PC" ignored="0" name="verifying title" tests="2" failures="2" timestamp="2020-10-05T11:20:14 IST" time="19.467" errors="0">
  <testcase name="homepage" time="0.294" classname="Acadamy.E2EProject.Verifytitle">
    <failure type="java.lang.AssertionError" message="expected [FEATURED COUfygRSES] but found [FEATURED COURSES]">
      <![CDATA[java.lang.AssertionError: expected [FEATURED COUfygRSES] but found [FEATURED COURSES]
at Acadamy.E2EProject.Verifytitle.homepage(Verifytitle.java:31)
at java.util.ArrayList.forEach(Unknown Source)
... Removed 33 stack frames]]>
    </failure>
  </testcase> <!-- homepage -->
  <testcase name="homepage" time="0.313" classname="Acadamy.E2EProject.Verifytitle">
    <failure type="java.lang.NullPointerException">
      <![CDATA[java.lang.NullPointerException
at resources.Base.getScreenShotPath(Base.java:50)
at Acadamy.E2EProject.Listners.onTestFailure(Listners.java:36)
at java.util.ArrayList.forEach(Unknown Source)
... Removed 24 stack frames]]>
    </failure>
  </testcase> <!-- homepage -->
</testsuite> <!-- verifying title -->
