<?xml version="1.0" encoding="UTF-8"?>
<!-- Generated by org.testng.reporters.JUnitXMLReporter -->
<testsuite ignored="0" hostname="Abhishek-PC" failures="0" tests="4" name="Test" time="74.523" errors="0" timestamp="2020-10-02T11:14:43 IST">
  <testcase classname="Acadamy.E2EProject.HomepageTest" name="homepage" time="12.946"/>
  <testcase classname="Acadamy.E2EProject.HomepageTest" name="homepage" time="15.526"/>
  <testcase classname="Acadamy.E2EProject.Verifytitle" name="homepage" time="0.212"/>
  <testcase classname="Acadamy.E2EProject.verifynavigation" name="homepage" time="0.374"/>
</testsuite> <!-- Test -->
